<?xml version="1.0" encoding="UTF-8"?>
<!-- Generated by org.testng.reporters.JUnitReportReporter -->
<testsuite hostname="MUTHULAKSHMI" failures="0" tests="3" name="com.qa.pages.BaseTest" time="0.557" errors="0" timestamp="2024-12-30T00:37:41 IST" skipped="0">
  <testcase classname="com.qa.pages.BaseTest" name="fillTheForm" time="0.292"/>
  <system-out/>
  <testcase classname="com.qa.pages.BaseTest" name="getTitileOfTheApp" time="0.014"/>
  <system-out/>
  <testcase classname="com.qa.pages.BaseTest" name="fillTheForm" time="0.251"/>
  <system-out/>
</testsuite> <!-- com.qa.pages.BaseTest -->
